<?xml version="1.0" encoding="UTF-8"?>
<testng-results ignored="0" total="1" passed="1" failed="0" skipped="0">
  <reporter-output>
  </reporter-output>
  <suite started-at="2019-03-25T07:58:50Z" name="Default suite" finished-at="2019-03-25T07:58:50Z" duration-ms="871">
    <groups>
    </groups>
    <test started-at="2019-03-25T07:58:50Z" name="Default test" finished-at="2019-03-25T07:58:50Z" duration-ms="871">
      <class name="practice.CreatingLogs">
        <test-method is-config="true" signature="config()[pri:0, instance:practice.CreatingLogs@46fa7c39]" started-at="2019-03-25T07:58:50Z" name="config" finished-at="2019-03-25T07:58:50Z" duration-ms="308" status="PASS">
          <reporter-output>
          </reporter-output>
        </test-method> <!-- config -->
        <test-method signature="logsGeneration()[pri:0, instance:practice.CreatingLogs@46fa7c39]" started-at="2019-03-25T07:58:50Z" name="logsGeneration" finished-at="2019-03-25T07:58:50Z" duration-ms="30" status="PASS">
          <reporter-output>
          </reporter-output>
        </test-method> <!-- logsGeneration -->
        <test-method is-config="true" signature="tearDown()[pri:0, instance:practice.CreatingLogs@46fa7c39]" started-at="2019-03-25T07:58:50Z" name="tearDown" finished-at="2019-03-25T07:58:50Z" duration-ms="470" status="PASS">
          <reporter-output>
          </reporter-output>
        </test-method> <!-- tearDown -->
      </class> <!-- practice.CreatingLogs -->
    </test> <!-- Default test -->
  </suite> <!-- Default suite -->
</testng-results>
