<?xml version="1.0" encoding="UTF-8"?>
<!-- Generated by org.testng.reporters.JUnitXMLReporter -->
<testsuite ignored="3" hostname="KRISHNA" failures="2" tests="2" name="testngTest" time="0.123" errors="0" timestamp="22 Mar 2019 08:56:44 GMT">
  <testcase classname="com.framework.TestCases.NewTest1" name="test_Home_Page" time="0.043">
    <failure type="java.lang.NullPointerException">
      <![CDATA[java.lang.NullPointerException
at org.openqa.selenium.support.pagefactory.DefaultElementLocator.findElement(DefaultElementLocator.java:69)
at org.openqa.selenium.support.pagefactory.internal.LocatingElementHandler.invoke(LocatingElementHandler.java:38)
at com.sun.proxy.$Proxy18.getText(Unknown Source)
at com.framework.Pages.GoogleHomePage.getLoginTitle(GoogleHomePage.java:45)
at com.framework.TestCases.NewTest1.test_Home_Page(NewTest1.java:19)
... Removed 25 stack frames]]>
    </failure>
  </testcase> <!-- test_Home_Page -->
  <testcase classname="com.framework.TestCases.NewTest1" name="test_Home_Page1" time="0.036">
    <failure type="java.lang.NullPointerException">
      <![CDATA[java.lang.NullPointerException
at java.base/java.util.Objects.requireNonNull(Objects.java:221)
at org.openqa.selenium.interactions.Actions.<init>(Actions.java:65)
at com.framework.TestCases.NewTest1.test_Home_Page1(NewTest1.java:31)
... Removed 25 stack frames]]>
    </failure>
  </testcase> <!-- test_Home_Page1 -->
  <testcase classname="com.framework.TestCases.NewTest" name="testCase2" time="0.0">
    <ignored/>
  </testcase> <!-- testCase2 -->
  <testcase classname="com.framework.TestCases.NewTest" name="testCase1" time="0.0">
    <ignored/>
  </testcase> <!-- testCase1 -->
  <testcase classname="com.framework.TestCases.NewTest1" name="test_gmail_link" time="0.0">
    <ignored/>
  </testcase> <!-- test_gmail_link -->
</testsuite> <!-- testngTest -->
